Created by PLY version 3.11 (http://www.dabeaz.com/ply)

Unused terminals:

    NUMERO
    VERBO

Grammar

Rule 0     S' -> statement
Rule 1     statement -> SUJETO

Terminals, with rules where they appear

NUMERO               : 
SUJETO               : 1
VERBO                : 
error                : 

Nonterminals, with rules where they appear

statement            : 0

Parsing method: LALR

state 0

    (0) S' -> . statement
    (1) statement -> . SUJETO

    SUJETO          shift and go to state 2

    statement                      shift and go to state 1

state 1

    (0) S' -> statement .



state 2

    (1) statement -> SUJETO .

    $end            reduce using rule 1 (statement -> SUJETO .)

